<?xml version="1.0" encoding="UTF-8"?>
<testng-results skipped="0" failed="0" ignored="0" total="1" passed="1">
  <reporter-output>
  </reporter-output>
  <suite name="Default suite" duration-ms="33376" started-at="2020-09-24T09:03:37Z" finished-at="2020-09-24T09:04:11Z">
    <groups>
    </groups>
    <test name="Default test" duration-ms="33376" started-at="2020-09-24T09:03:37Z" finished-at="2020-09-24T09:04:11Z">
      <class name="com.practise.SeleniumTest.Sampletest">
        <test-method status="PASS" signature="TestMethod()[pri:0, instance:com.practise.SeleniumTest.Sampletest@54c562f7]" name="TestMethod" duration-ms="33272" started-at="2020-09-24T09:03:37Z" finished-at="2020-09-24T09:04:11Z">
          <reporter-output>
          </reporter-output>
        </test-method> <!-- TestMethod -->
      </class> <!-- com.practise.SeleniumTest.Sampletest -->
    </test> <!-- Default test -->
  </suite> <!-- Default suite -->
</testng-results>
